<?xml version="1.0" encoding="UTF-8"?>
<testng-results skipped="0" failed="0" ignored="0" total="1" passed="1">
  <reporter-output>
  </reporter-output>
  <suite name="Default suite" duration-ms="23349" started-at="2019-10-01T11:57:24Z" finished-at="2019-10-01T11:57:47Z">
    <groups>
    </groups>
    <test name="Default test" duration-ms="23349" started-at="2019-10-01T11:57:24Z" finished-at="2019-10-01T11:57:47Z">
      <class name="ScrollBar.horizontally_in_left_direction">
        <test-method status="PASS" signature="left_Horizontal()[pri:0, instance:ScrollBar.horizontally_in_left_direction@7113b13f]" name="left_Horizontal" duration-ms="23314" started-at="2019-10-01T11:57:24Z" finished-at="2019-10-01T11:57:47Z">
          <reporter-output>
          </reporter-output>
        </test-method> <!-- left_Horizontal -->
      </class> <!-- ScrollBar.horizontally_in_left_direction -->
    </test> <!-- Default test -->
  </suite> <!-- Default suite -->
</testng-results>
