<?xml version="1.0" encoding="UTF-8"?>
<testng-results skipped="0" failed="0" ignored="0" total="1" passed="1">
  <reporter-output>
  </reporter-output>
  <suite name="Default suite" duration-ms="16868" started-at="2019-08-13T10:55:11Z" finished-at="2019-08-13T10:55:28Z">
    <groups>
    </groups>
    <test name="Default test" duration-ms="16868" started-at="2019-08-13T10:55:11Z" finished-at="2019-08-13T10:55:28Z">
      <class name="Browser.ScriptRecord">
        <test-method status="PASS" signature="setUp()[pri:0, instance:Browser.ScriptRecord@7b69c6ba]" name="setUp" is-config="true" duration-ms="139" started-at="2019-08-13T10:55:11Z" finished-at="2019-08-13T10:55:11Z">
          <reporter-output>
          </reporter-output>
        </test-method> <!-- setUp -->
        <test-method status="PASS" signature="testApp()[pri:0, instance:Browser.ScriptRecord@7b69c6ba]" name="testApp" duration-ms="14007" started-at="2019-08-13T10:55:11Z" finished-at="2019-08-13T10:55:25Z">
          <reporter-output>
          </reporter-output>
        </test-method> <!-- testApp -->
        <test-method status="PASS" signature="tearDown()[pri:0, instance:Browser.ScriptRecord@7b69c6ba]" name="tearDown" is-config="true" duration-ms="2700" started-at="2019-08-13T10:55:25Z" finished-at="2019-08-13T10:55:28Z">
          <reporter-output>
          </reporter-output>
        </test-method> <!-- tearDown -->
      </class> <!-- Browser.ScriptRecord -->
    </test> <!-- Default test -->
  </suite> <!-- Default suite -->
</testng-results>
